Running: C:\Xilinx\14.7\ISE_DS\ISE\bin\nt64\unwrapped\fuse.exe -intstyle ise -incremental -lib uni9000_ver -lib aim_ver -lib cpld_ver -lib xilinxcorelib_ver -o C:/Users/igna_/Documents/Tecnicas Digitales I/trenes/testbench_isim_beh.exe -prj C:/Users/igna_/Documents/Tecnicas Digitales I/trenes/testbench_beh.prj work.testbench work.glbl 
ISim P.20131013 (signature 0x7708f090)
Number of CPUs detected in this system: 4
Turning on mult-threading, number of parallel sub-compilation jobs: 8 
Determining compilation order of HDL files
Analyzing Verilog file "C:/Users/igna_/Documents/Tecnicas Digitales I/trenes/top.v" into library work
Analyzing Verilog file "C:/Users/igna_/Documents/Tecnicas Digitales I/trenes/testbench.v" into library work
Analyzing Verilog file "C:/Xilinx/14.7/ISE_DS/ISE//verilog/src/glbl.v" into library work
Starting static elaboration
Completed static elaboration
Compiling module top
Compiling module testbench
Compiling module glbl
Time Resolution for simulation is 1ps.
Waiting for 1 sub-compilation(s) to finish...
WARNING:Simulator - Unable to copy libPortabilityNOSH.dll to the simulation executable directory: boost::filesystem::copy_file: El sistema no puede encontrar la ruta especificada, "isim\testbench_isim_beh.exe.sim\libPortability.dll".
Compiled 3 Verilog Units
Built simulation executable C:/Users/igna_/Documents/Tecnicas Digitales I/trenes/testbench_isim_beh.exe
Fuse Memory Usage: 27364 KB
Fuse CPU Usage: 702 ms
